
[2025-04-22T22:19:16.522Z] Error: Cannot read properties of undefined (reading 'map')
Stack: TypeError: Cannot read properties of undefined (reading 'map')
    at rawToPortfolio (/home/matheus/code/investment-wallet/.next/server/chunks/ssr/[root-of-the-server]__f1a94b94._.js:71:33)
    at getPortfolio (/home/matheus/code/investment-wallet/.next/server/chunks/ssr/[root-of-the-server]__f1a94b94._.js:156:159)
    at process.processTicksAndRejections (node:internal/process/task_queues:105:5)
    at async Home (/home/matheus/code/investment-wallet/.next/server/chunks/ssr/[root-of-the-server]__f1a94b94._.js:177:23)


[2025-04-22T22:19:49.113Z] Error: Cannot read properties of undefined (reading 'map')
Stack: TypeError: Cannot read properties of undefined (reading 'map')
    at rawToPortfolio (/home/matheus/code/investment-wallet/.next/server/chunks/ssr/[root-of-the-server]__f1a94b94._.js:71:33)
    at getPortfolio (/home/matheus/code/investment-wallet/.next/server/chunks/ssr/[root-of-the-server]__f1a94b94._.js:157:159)
    at process.processTicksAndRejections (node:internal/process/task_queues:105:5)
    at async Home (/home/matheus/code/investment-wallet/.next/server/chunks/ssr/[root-of-the-server]__f1a94b94._.js:178:23)


[2025-04-22T22:19:54.634Z] Error: Cannot read properties of undefined (reading 'map')
Stack: TypeError: Cannot read properties of undefined (reading 'map')
    at rawToPortfolio (/home/matheus/code/investment-wallet/.next/server/chunks/ssr/[root-of-the-server]__f1a94b94._.js:71:33)
    at getPortfolio (/home/matheus/code/investment-wallet/.next/server/chunks/ssr/[root-of-the-server]__f1a94b94._.js:157:159)
    at process.processTicksAndRejections (node:internal/process/task_queues:105:5)
    at async Home (/home/matheus/code/investment-wallet/.next/server/chunks/ssr/[root-of-the-server]__f1a94b94._.js:178:23)


[2025-04-22T22:20:04.162Z] Error: Cannot read properties of undefined (reading 'map')
Stack: TypeError: Cannot read properties of undefined (reading 'map')
    at rawToPortfolio (/home/matheus/code/investment-wallet/.next/server/chunks/ssr/[root-of-the-server]__f1a94b94._.js:71:33)
    at getPortfolio (/home/matheus/code/investment-wallet/.next/server/chunks/ssr/[root-of-the-server]__f1a94b94._.js:157:159)
    at process.processTicksAndRejections (node:internal/process/task_queues:105:5)
    at async Home (/home/matheus/code/investment-wallet/.next/server/chunks/ssr/[root-of-the-server]__f1a94b94._.js:178:23)


[2025-04-22T22:20:10.254Z] Error: Cannot read properties of undefined (reading 'map')
Stack: TypeError: Cannot read properties of undefined (reading 'map')
    at rawToPortfolio (/home/matheus/code/investment-wallet/.next/server/chunks/ssr/[root-of-the-server]__f1a94b94._.js:71:33)
    at getPortfolio (/home/matheus/code/investment-wallet/.next/server/chunks/ssr/[root-of-the-server]__f1a94b94._.js:157:159)
    at process.processTicksAndRejections (node:internal/process/task_queues:105:5)
    at async Home (/home/matheus/code/investment-wallet/.next/server/chunks/ssr/[root-of-the-server]__f1a94b94._.js:178:23)


[2025-04-22T22:20:21.138Z] Error: Cannot read properties of undefined (reading 'map')
Stack: TypeError: Cannot read properties of undefined (reading 'map')
    at rawToPortfolio (/home/matheus/code/investment-wallet/.next/server/chunks/ssr/[root-of-the-server]__f1a94b94._.js:71:33)
    at getPortfolio (/home/matheus/code/investment-wallet/.next/server/chunks/ssr/[root-of-the-server]__f1a94b94._.js:156:159)
    at process.processTicksAndRejections (node:internal/process/task_queues:105:5)
    at async Home (/home/matheus/code/investment-wallet/.next/server/chunks/ssr/[root-of-the-server]__f1a94b94._.js:177:23)


[2025-04-22T22:20:32.288Z] Error: Cannot read properties of undefined (reading 'map')
Stack: TypeError: Cannot read properties of undefined (reading 'map')
    at rawToPortfolio (/home/matheus/code/investment-wallet/.next/server/chunks/ssr/[root-of-the-server]__f1a94b94._.js:72:33)
    at getPortfolio (/home/matheus/code/investment-wallet/.next/server/chunks/ssr/[root-of-the-server]__f1a94b94._.js:157:159)
    at process.processTicksAndRejections (node:internal/process/task_queues:105:5)
    at async Home (/home/matheus/code/investment-wallet/.next/server/chunks/ssr/[root-of-the-server]__f1a94b94._.js:178:23)


[2025-04-22T22:20:46.030Z] Error: Cannot read properties of undefined (reading 'map')
Stack: TypeError: Cannot read properties of undefined (reading 'map')
    at rawToPortfolio (/home/matheus/code/investment-wallet/.next/server/chunks/ssr/[root-of-the-server]__f1a94b94._.js:72:33)
    at getPortfolio (/home/matheus/code/investment-wallet/.next/server/chunks/ssr/[root-of-the-server]__f1a94b94._.js:157:159)
    at process.processTicksAndRejections (node:internal/process/task_queues:105:5)
    at async Home (/home/matheus/code/investment-wallet/.next/server/chunks/ssr/[root-of-the-server]__f1a94b94._.js:178:23)


[2025-04-22T22:26:59.606Z] Error: Cannot read properties of undefined (reading 'map')
Stack: TypeError: Cannot read properties of undefined (reading 'map')
    at rawToPortfolio (/home/matheus/code/investment-wallet/.next/server/chunks/ssr/[root-of-the-server]__f1a94b94._.js:72:33)
    at getPortfolio (/home/matheus/code/investment-wallet/.next/server/chunks/ssr/[root-of-the-server]__f1a94b94._.js:157:184)
    at process.processTicksAndRejections (node:internal/process/task_queues:105:5)
    at async Home (/home/matheus/code/investment-wallet/.next/server/chunks/ssr/[root-of-the-server]__f1a94b94._.js:178:23)


[2025-04-22T22:28:01.712Z] Error: Cannot read properties of undefined (reading 'map')
Stack: TypeError: Cannot read properties of undefined (reading 'map')
    at rawToPortfolio (/home/matheus/code/investment-wallet/.next/server/chunks/ssr/[root-of-the-server]__f1a94b94._.js:72:33)
    at getPortfolio (/home/matheus/code/investment-wallet/.next/server/chunks/ssr/[root-of-the-server]__f1a94b94._.js:157:184)
    at process.processTicksAndRejections (node:internal/process/task_queues:105:5)
    at async Home (/home/matheus/code/investment-wallet/.next/server/chunks/ssr/[root-of-the-server]__f1a94b94._.js:191:23)


[2025-04-22T22:28:02.469Z] Error: Cannot read properties of undefined (reading 'map')
Stack: TypeError: Cannot read properties of undefined (reading 'map')
    at rawToPortfolio (/home/matheus/code/investment-wallet/.next/server/chunks/ssr/[root-of-the-server]__f1a94b94._.js:72:33)
    at getPortfolio (/home/matheus/code/investment-wallet/.next/server/chunks/ssr/[root-of-the-server]__f1a94b94._.js:157:184)
    at process.processTicksAndRejections (node:internal/process/task_queues:105:5)
    at async Home (/home/matheus/code/investment-wallet/.next/server/chunks/ssr/[root-of-the-server]__f1a94b94._.js:191:23)


[2025-04-22T22:28:07.645Z] Error: Cannot read properties of undefined (reading 'map')
Stack: TypeError: Cannot read properties of undefined (reading 'map')
    at rawToPortfolio (/home/matheus/code/investment-wallet/.next/server/chunks/ssr/[root-of-the-server]__f1a94b94._.js:72:33)
    at getPortfolio (/home/matheus/code/investment-wallet/.next/server/chunks/ssr/[root-of-the-server]__f1a94b94._.js:157:184)
    at process.processTicksAndRejections (node:internal/process/task_queues:105:5)
    at async Home (/home/matheus/code/investment-wallet/.next/server/chunks/ssr/[root-of-the-server]__f1a94b94._.js:187:23)


[2025-04-22T22:30:18.275Z] Error: Cannot read properties of undefined (reading 'map')
Stack: TypeError: Cannot read properties of undefined (reading 'map')
    at rawToPortfolio (/home/matheus/code/investment-wallet/.next/server/chunks/ssr/[root-of-the-server]__f1a94b94._.js:72:33)
    at /home/matheus/code/investment-wallet/.next/server/chunks/ssr/[root-of-the-server]__f1a94b94._.js:158:224
    at Array.map (<anonymous>)
    at getPortfolio (/home/matheus/code/investment-wallet/.next/server/chunks/ssr/[root-of-the-server]__f1a94b94._.js:158:70)
    at process.processTicksAndRejections (node:internal/process/task_queues:105:5)
    at async Home (/home/matheus/code/investment-wallet/.next/server/chunks/ssr/[root-of-the-server]__f1a94b94._.js:188:23)


[2025-04-22T22:30:33.608Z] Error: Cannot read properties of undefined (reading 'map')
Stack: TypeError: Cannot read properties of undefined (reading 'map')
    at rawToPortfolio (/home/matheus/code/investment-wallet/.next/server/chunks/ssr/[root-of-the-server]__f1a94b94._.js:72:33)
    at /home/matheus/code/investment-wallet/.next/server/chunks/ssr/[root-of-the-server]__f1a94b94._.js:158:224
    at Array.map (<anonymous>)
    at getPortfolio (/home/matheus/code/investment-wallet/.next/server/chunks/ssr/[root-of-the-server]__f1a94b94._.js:158:70)
    at process.processTicksAndRejections (node:internal/process/task_queues:105:5)
    at async Home (/home/matheus/code/investment-wallet/.next/server/chunks/ssr/[root-of-the-server]__f1a94b94._.js:189:23)


[2025-04-22T22:31:01.162Z] Error: Cannot read properties of undefined (reading 'map')
Stack: TypeError: Cannot read properties of undefined (reading 'map')
    at rawToPortfolio (/home/matheus/code/investment-wallet/.next/server/chunks/ssr/[root-of-the-server]__f1a94b94._.js:72:33)
    at /home/matheus/code/investment-wallet/.next/server/chunks/ssr/[root-of-the-server]__f1a94b94._.js:158:224
    at Array.map (<anonymous>)
    at getPortfolio (/home/matheus/code/investment-wallet/.next/server/chunks/ssr/[root-of-the-server]__f1a94b94._.js:158:70)
    at process.processTicksAndRejections (node:internal/process/task_queues:105:5)
    at async Home (/home/matheus/code/investment-wallet/.next/server/chunks/ssr/[root-of-the-server]__f1a94b94._.js:189:23)


[2025-04-22T22:31:01.901Z] Error: Cannot read properties of undefined (reading 'map')
Stack: TypeError: Cannot read properties of undefined (reading 'map')
    at rawToPortfolio (/home/matheus/code/investment-wallet/.next/server/chunks/ssr/[root-of-the-server]__f1a94b94._.js:72:33)
    at /home/matheus/code/investment-wallet/.next/server/chunks/ssr/[root-of-the-server]__f1a94b94._.js:158:224
    at Array.map (<anonymous>)
    at getPortfolio (/home/matheus/code/investment-wallet/.next/server/chunks/ssr/[root-of-the-server]__f1a94b94._.js:158:70)
    at process.processTicksAndRejections (node:internal/process/task_queues:105:5)
    at async Home (/home/matheus/code/investment-wallet/.next/server/chunks/ssr/[root-of-the-server]__f1a94b94._.js:189:23)


[2025-04-22T22:31:07.336Z] Error: Cannot read properties of undefined (reading 'map')
Stack: TypeError: Cannot read properties of undefined (reading 'map')
    at rawToPortfolio (/home/matheus/code/investment-wallet/.next/server/chunks/ssr/[root-of-the-server]__f1a94b94._.js:72:33)
    at /home/matheus/code/investment-wallet/.next/server/chunks/ssr/[root-of-the-server]__f1a94b94._.js:158:224
    at Array.map (<anonymous>)
    at getPortfolio (/home/matheus/code/investment-wallet/.next/server/chunks/ssr/[root-of-the-server]__f1a94b94._.js:158:70)
    at process.processTicksAndRejections (node:internal/process/task_queues:105:5)
    at async Home (/home/matheus/code/investment-wallet/.next/server/chunks/ssr/[root-of-the-server]__f1a94b94._.js:180:23)


[2025-04-22T22:32:58.624Z] Error: Method is only applicable to single portfolios
Stack: Error: Method is only applicable to single portfolios
    at getPortfolio (/home/matheus/code/investment-wallet/.next/server/chunks/ssr/[root-of-the-server]__f1a94b94._.js:158:64)
    at process.processTicksAndRejections (node:internal/process/task_queues:105:5)
    at async Home (/home/matheus/code/investment-wallet/.next/server/chunks/ssr/[root-of-the-server]__f1a94b94._.js:180:23)


[2025-04-22T22:37:17.299Z] Error: Method is only applicable to single portfolios
Stack: Error: Method is only applicable to single portfolios
    at getPortfolio (/home/matheus/code/investment-wallet/.next/server/chunks/ssr/[root-of-the-server]__87f2ef2e._.js:158:64)
    at process.processTicksAndRejections (node:internal/process/task_queues:105:5)
    at async Home (/home/matheus/code/investment-wallet/.next/server/chunks/ssr/[root-of-the-server]__87f2ef2e._.js:220:23)


[2025-04-22T22:38:18.789Z] Error: Method is only applicable to single portfolios
Stack: Error: Method is only applicable to single portfolios
    at getPortfolio (/home/matheus/code/investment-wallet/.next/server/chunks/ssr/[root-of-the-server]__87f2ef2e._.js:159:64)
    at process.processTicksAndRejections (node:internal/process/task_queues:105:5)
    at async Home (/home/matheus/code/investment-wallet/.next/server/chunks/ssr/[root-of-the-server]__87f2ef2e._.js:221:23)


[2025-04-22T22:38:18.831Z] Error: Method is only applicable to single portfolios
Stack: Error: Method is only applicable to single portfolios
    at getPortfolio (/home/matheus/code/investment-wallet/.next/server/chunks/ssr/[root-of-the-server]__87f2ef2e._.js:159:64)
    at process.processTicksAndRejections (node:internal/process/task_queues:105:5)
    at async Home (/home/matheus/code/investment-wallet/.next/server/chunks/ssr/[root-of-the-server]__87f2ef2e._.js:221:23)


[2025-04-22T22:42:08.781Z] Error: Cannot read properties of undefined (reading 'map')
Stack: TypeError: Cannot read properties of undefined (reading 'map')
    at rawToWallet (/home/matheus/code/investment-wallet/.next/server/chunks/ssr/[root-of-the-server]__87f2ef2e._.js:50:32)
    at /home/matheus/code/investment-wallet/.next/server/chunks/ssr/[root-of-the-server]__87f2ef2e._.js:72:173
    at Array.map (<anonymous>)
    at rawToPortfolio (/home/matheus/code/investment-wallet/.next/server/chunks/ssr/[root-of-the-server]__87f2ef2e._.js:72:22)
    at getPortfolio (/home/matheus/code/investment-wallet/.next/server/chunks/ssr/[root-of-the-server]__87f2ef2e._.js:155:159)
    at process.processTicksAndRejections (node:internal/process/task_queues:105:5)
    at async Home (/home/matheus/code/investment-wallet/.next/server/chunks/ssr/[root-of-the-server]__87f2ef2e._.js:216:23)


[2025-04-22T22:42:09.507Z] Error: Cannot read properties of undefined (reading 'map')
Stack: TypeError: Cannot read properties of undefined (reading 'map')
    at rawToWallet (/home/matheus/code/investment-wallet/.next/server/chunks/ssr/[root-of-the-server]__87f2ef2e._.js:50:32)
    at /home/matheus/code/investment-wallet/.next/server/chunks/ssr/[root-of-the-server]__87f2ef2e._.js:72:173
    at Array.map (<anonymous>)
    at rawToPortfolio (/home/matheus/code/investment-wallet/.next/server/chunks/ssr/[root-of-the-server]__87f2ef2e._.js:72:22)
    at getPortfolio (/home/matheus/code/investment-wallet/.next/server/chunks/ssr/[root-of-the-server]__87f2ef2e._.js:155:159)
    at process.processTicksAndRejections (node:internal/process/task_queues:105:5)
    at async Home (/home/matheus/code/investment-wallet/.next/server/chunks/ssr/[root-of-the-server]__87f2ef2e._.js:216:23)


[2025-04-27T14:38:16.766Z] Error: raw.map is not a function
Stack: TypeError: raw.map is not a function
    at rawToPortfolio (/home/matheus/code/investment-wallet/.next/server/chunks/ssr/[root-of-the-server]__9c6321fb._.js:72:22)
    at getPortfolio (/home/matheus/code/investment-wallet/.next/server/chunks/ssr/[root-of-the-server]__9c6321fb._.js:157:173)
    at Home (/home/matheus/code/investment-wallet/.next/server/chunks/ssr/[root-of-the-server]__9c6321fb._.js:377:186)
    at react-stack-bottom-frame (/home/matheus/code/investment-wallet/node_modules/next/dist/compiled/next-server/app-page-turbo.runtime.dev.js:23:89831)
    at AsyncLocalStorage.run (node:internal/async_local_storage/async_hooks:91:14)
    at renderFunctionComponent (/home/matheus/code/investment-wallet/node_modules/next/dist/compiled/next-server/app-page-turbo.runtime.dev.js:23:18973)
    at renderElement (/home/matheus/code/investment-wallet/node_modules/next/dist/compiled/next-server/app-page-turbo.runtime.dev.js:23:32223)
    at renderModelDestructive (/home/matheus/code/investment-wallet/node_modules/next/dist/compiled/next-server/app-page-turbo.runtime.dev.js:23:33643)
    at retryTask (/home/matheus/code/investment-wallet/node_modules/next/dist/compiled/next-server/app-page-turbo.runtime.dev.js:23:57505)
    at outlineTask (/home/matheus/code/investment-wallet/node_modules/next/dist/compiled/next-server/app-page-turbo.runtime.dev.js:23:23556)
    at renderFunctionComponent (/home/matheus/code/investment-wallet/node_modules/next/dist/compiled/next-server/app-page-turbo.runtime.dev.js:23:18012)
    at renderElement (/home/matheus/code/investment-wallet/node_modules/next/dist/compiled/next-server/app-page-turbo.runtime.dev.js:23:32223)
    at renderModelDestructive (/home/matheus/code/investment-wallet/node_modules/next/dist/compiled/next-server/app-page-turbo.runtime.dev.js:23:33643)
    at /home/matheus/code/investment-wallet/node_modules/next/dist/compiled/next-server/app-page-turbo.runtime.dev.js:23:25518
    at Array.toJSON (/home/matheus/code/investment-wallet/node_modules/next/dist/compiled/next-server/app-page-turbo.runtime.dev.js:23:26644)
    at stringify (<anonymous>)
    at emitChunk (/home/matheus/code/investment-wallet/node_modules/next/dist/compiled/next-server/app-page-turbo.runtime.dev.js:23:57074)
    at retryTask (/home/matheus/code/investment-wallet/node_modules/next/dist/compiled/next-server/app-page-turbo.runtime.dev.js:23:57923)
    at performWork (/home/matheus/code/investment-wallet/node_modules/next/dist/compiled/next-server/app-page-turbo.runtime.dev.js:23:59100)
    at AsyncLocalStorage.run (node:internal/async_local_storage/async_hooks:91:14)
    at /home/matheus/code/investment-wallet/node_modules/next/dist/compiled/next-server/app-page-turbo.runtime.dev.js:23:60828
    at node:internal/process/task_queues:151:7
    at AsyncResource.runInAsyncScope (node:async_hooks:211:14)
    at AsyncResource.runMicrotask (node:internal/process/task_queues:148:8)

